c:\home\workspace\server_class\game_server_class\proj.win32\debug\vc120.pdb
c:\home\workspace\server_class\game_server_class\proj.win32\debug\vc120.idb
c:\home\workspace\server_class\game_server_class\proj.win32\debug\base64_encoder.obj
c:\home\workspace\server_class\game_server_class\proj.win32\debug\sha1.obj
c:\home\workspace\server_class\game_server_class\proj.win32\debug\http_parser.obj
c:\home\workspace\server_class\game_server_class\proj.win32\debug\json.obj
c:\home\workspace\server_class\game_server_class\proj.win32\debug\main.obj
c:\home\workspace\server_class\game_server_class\proj.win32\debug\net_iocp_win.obj
c:\home\workspace\server_class\game_server_class\proj.win32\debug\tcp_session.obj
c:\home\workspace\server_class\game_server_class\proj.win32\debug\server_gateway.obj
c:\home\workspace\server_class\game_server_class\proj.win32\debug\gateway.obj
c:\home\workspace\server_class\game_server_class\proj.win32\debug\server_socket_win.obj
c:\home\workspace\server_class\game_server_class\proj.win32\debug\session.obj
c:\home\workspace\server_class\game_server_class\proj.win32\debug\game_server_class.ilk
c:\home\workspace\server_class\game_server_class\proj.win32\debug\game_server_class.exe
c:\home\workspace\server_class\game_server_class\proj.win32\debug\game_server_class.pdb
c:\home\workspace\server_class\game_server_class\proj.win32\debug\game_ser.fff9a2dd.tlog\cl.command.1.tlog
c:\home\workspace\server_class\game_server_class\proj.win32\debug\game_ser.fff9a2dd.tlog\cl.read.1.tlog
c:\home\workspace\server_class\game_server_class\proj.win32\debug\game_ser.fff9a2dd.tlog\cl.write.1.tlog
c:\home\workspace\server_class\game_server_class\proj.win32\debug\game_ser.fff9a2dd.tlog\link.command.1.tlog
c:\home\workspace\server_class\game_server_class\proj.win32\debug\game_ser.fff9a2dd.tlog\link.read.1.tlog
c:\home\workspace\server_class\game_server_class\proj.win32\debug\game_ser.fff9a2dd.tlog\link.write.1.tlog
