C:\Program Files (x86)\Microsoft Visual Studio\2017\Community\Common7\IDE\VC\VCTargets\Microsoft.CppBuild.targets(391,5): warning MSB8028: 中间目录(Debug\)包含从另一个项目(game_server_class.vcxproj)共享的文件。   这会导致错误的清除和重新生成行为。
  session.c
c:\users\70929\documents\boyichuangwei\study_projects\three_chess_server_multi_room\gateway\socket\session.c : warning C4819: 该文件包含不能在当前代码页(936)中表示的字符。请将该文件保存为 Unicode 格式以防止数据丢失
c:\users\70929\documents\boyichuangwei\study_projects\three_chess_server_multi_room\gateway\socket\session.h : warning C4819: 该文件包含不能在当前代码页(936)中表示的字符。请将该文件保存为 Unicode 格式以防止数据丢失
c:\users\70929\documents\boyichuangwei\study_projects\three_chess_server_multi_room\gateway\socket\session.c(58): warning C4307: “*”: 整型常量溢出
  table_manager.c
c:\users\70929\documents\boyichuangwei\study_projects\three_chess_server_multi_room\services\table_manager.c : warning C4819: 该文件包含不能在当前代码页(936)中表示的字符。请将该文件保存为 Unicode 格式以防止数据丢失
c:\users\70929\documents\boyichuangwei\study_projects\three_chess_server_multi_room\services\table_service.h : warning C4819: 该文件包含不能在当前代码页(936)中表示的字符。请将该文件保存为 Unicode 格式以防止数据丢失
c:\users\70929\documents\boyichuangwei\study_projects\three_chess_server_multi_room\utils\vector_array.h : warning C4819: 该文件包含不能在当前代码页(936)中表示的字符。请将该文件保存为 Unicode 格式以防止数据丢失
c:\users\70929\documents\boyichuangwei\study_projects\three_chess_server_multi_room\utils\hash_table.h : warning C4819: 该文件包含不能在当前代码页(936)中表示的字符。请将该文件保存为 Unicode 格式以防止数据丢失
  table_service.c
c:\users\70929\documents\boyichuangwei\study_projects\three_chess_server_multi_room\services\table_service.c : warning C4819: 该文件包含不能在当前代码页(936)中表示的字符。请将该文件保存为 Unicode 格式以防止数据丢失
c:\users\70929\documents\boyichuangwei\study_projects\three_chess_server_multi_room\services\table_service.h : warning C4819: 该文件包含不能在当前代码页(936)中表示的字符。请将该文件保存为 Unicode 格式以防止数据丢失
c:\users\70929\documents\boyichuangwei\study_projects\three_chess_server_multi_room\utils\vector_array.h : warning C4819: 该文件包含不能在当前代码页(936)中表示的字符。请将该文件保存为 Unicode 格式以防止数据丢失
c:\users\70929\documents\boyichuangwei\study_projects\three_chess_server_multi_room\utils\hash_table.h : warning C4819: 该文件包含不能在当前代码页(936)中表示的字符。请将该文件保存为 Unicode 格式以防止数据丢失
c:\users\70929\documents\boyichuangwei\study_projects\three_chess_server_multi_room\services\table_service.c(1000): warning C4819: 该文件包含不能在当前代码页(936)中表示的字符。请将该文件保存为 Unicode 格式以防止数据丢失
c:\users\70929\documents\boyichuangwei\study_projects\three_chess_server_multi_room\services\table_service.c(1485): warning C4047: “return”:“int”与“game_table *”的间接级别不同
c:\users\70929\documents\boyichuangwei\study_projects\three_chess_server_multi_room\services\table_service.c(1489): warning C4047: “return”:“int”与“void *”的间接级别不同
c:\users\70929\documents\boyichuangwei\study_projects\three_chess_server_multi_room\services\table_service.c(1535): warning C4033: “on_three_chess_cmd”必须返回值
c:\users\70929\documents\boyichuangwei\study_projects\three_chess_server_multi_room\services\table_service.c(1518): warning C4047: “初始化”:“game_table *”与“int”的间接级别不同
c:\users\70929\documents\boyichuangwei\study_projects\three_chess_server_multi_room\services\table_service.c(1531): warning C4047: “初始化”:“game_table *”与“int”的间接级别不同
  正在生成代码...
c:\users\70929\documents\boyichuangwei\study_projects\three_chess_server_multi_room\services\table_service.c(1547): warning C4715: “on_three_chess_cmd”: 不是所有的控件路径都返回值
  game_server_class.vcxproj -> C:\Users\70929\Documents\boyichuangwei\study_projects\three_chess_server_multi_room\proj.win32\Debug\game_gateway.exe
